Using pre-set license
Built from '2020.3/release' branch; Version is '2020.3.31f1 (6b54b7616050) revision 7034039'; Using compiler version '192528614'; Build Type 'Release'
OS: 'Windows 10  (10.0.19044) 64bit Core' Language: 'en' Physical Memory: 16145 MB
BatchMode: 1, IsHumanControllingUs: 0, StartBugReporterOnCrash: 0, Is64bit: 1, IsPro: 0

COMMAND LINE ARGUMENTS:
C:\Program Files\Unity\Hub\Editor\2020.3.31f1\Editor\Unity.exe
-adb2
-batchMode
-noUpm
-name
AssetImportWorker0
-projectPath
C:/github things/CSC250_Spring2022_Unity_Example/My project (1)
-logFile
Logs/AssetImportWorker0.log
-srvPort
50802
Successfully changed project path to: C:/github things/CSC250_Spring2022_Unity_Example/My project (1)
C:/github things/CSC250_Spring2022_Unity_Example/My project (1)
Using Asset Import Pipeline V2.
Refreshing native plugins compatible for Editor in 34.42 ms, found 2 plugins.
Preloading 0 native plugins for Editor in 0.00 ms.
Initialize engine version: 2020.3.31f1 (6b54b7616050)
[Subsystems] Discovering subsystems at path C:/Program Files/Unity/Hub/Editor/2020.3.31f1/Editor/Data/Resources/UnitySubsystems
[Subsystems] Discovering subsystems at path C:/github things/CSC250_Spring2022_Unity_Example/My project (1)/Assets
GfxDevice: creating device client; threaded=0
Direct3D:
    Version:  Direct3D 11.0 [level 11.1]
    Renderer: NVIDIA GeForce GTX 1660 Ti (ID=0x2191)
    Vendor:   
    VRAM:     5991 MB
    Driver:   30.0.15.1169
Initialize mono
Mono path[0] = 'C:/Program Files/Unity/Hub/Editor/2020.3.31f1/Editor/Data/Managed'
Mono path[1] = 'C:/Program Files/Unity/Hub/Editor/2020.3.31f1/Editor/Data/MonoBleedingEdge/lib/mono/unityjit'
Mono config path = 'C:/Program Files/Unity/Hub/Editor/2020.3.31f1/Editor/Data/MonoBleedingEdge/etc'
Using monoOptions --debugger-agent=transport=dt_socket,embedding=1,server=y,suspend=n,address=127.0.0.1:56856
Begin MonoManager ReloadAssembly
Registering precompiled unity dll's ...
Register platform support module: C:/Program Files/Unity/Hub/Editor/2020.3.31f1/Editor/Data/PlaybackEngines/WebGLSupport/UnityEditor.WebGL.Extensions.dll
Register platform support module: C:/Program Files/Unity/Hub/Editor/2020.3.31f1/Editor/Data/PlaybackEngines/WindowsStandaloneSupport/UnityEditor.WindowsStandalone.Extensions.dll
Registered in 0.002586 seconds.
Native extension for WindowsStandalone target not found
Native extension for WebGL target not found
Refreshing native plugins compatible for Editor in 29.03 ms, found 2 plugins.
Preloading 0 native plugins for Editor in 0.00 ms.
Mono: successfully reloaded assembly
- Completed reload, in  0.505 seconds
Domain Reload Profiling:
	ReloadAssembly (506ms)
		BeginReloadAssembly (61ms)
			ExecutionOrderSort (0ms)
			DisableScriptedObjects (0ms)
			BackupInstance (0ms)
			ReleaseScriptingObjects (0ms)
			CreateAndSetChildDomain (1ms)
		EndReloadAssembly (377ms)
			LoadAssemblies (59ms)
			RebuildTransferFunctionScriptingTraits (0ms)
			SetupTypeCache (129ms)
			ReleaseScriptCaches (0ms)
			RebuildScriptCaches (25ms)
			SetupLoadedEditorAssemblies (135ms)
				LogAssemblyErrors (0ms)
				InitializePlatformSupportModulesInManaged (5ms)
				SetLoadedEditorAssemblies (0ms)
				RefreshPlugins (29ms)
				BeforeProcessingInitializeOnLoad (7ms)
				ProcessInitializeOnLoadAttributes (70ms)
				ProcessInitializeOnLoadMethodAttributes (24ms)
				AfterProcessingInitializeOnLoad (0ms)
				EditorAssembliesLoaded (0ms)
			ExecutionOrderSort2 (0ms)
			AwakeInstancesAfterBackupRestoration (0ms)
Platform modules already initialized, skipping
Registering precompiled user dll's ...
Registered in 0.002893 seconds.
Begin MonoManager ReloadAssembly
Symbol file data-0000021FEDE90660 doesn't match image C:\github things\CSC250_Spring2022_Unity_Example\My project (1)\Library\ScriptAssemblies\Assembly-CSharp.dll
Symbol file LoadedFromMemory is not a mono symbol file
Symbol file LoadedFromMemory doesn't match image C:\github things\CSC250_Spring2022_Unity_Example\My project (1)\Library\PackageCache\com.unity.collab-proxy@1.15.15\Lib\Editor\PlasticSCM\unityplastic.dll
Native extension for WindowsStandalone target not found
Native extension for WebGL target not found
Refreshing native plugins compatible for Editor in 0.34 ms, found 2 plugins.
Preloading 0 native plugins for Editor in 0.00 ms.
Mono: successfully reloaded assembly
- Completed reload, in  0.880 seconds
Domain Reload Profiling:
	ReloadAssembly (881ms)
		BeginReloadAssembly (135ms)
			ExecutionOrderSort (0ms)
			DisableScriptedObjects (4ms)
			BackupInstance (0ms)
			ReleaseScriptingObjects (0ms)
			CreateAndSetChildDomain (17ms)
		EndReloadAssembly (693ms)
			LoadAssemblies (86ms)
			RebuildTransferFunctionScriptingTraits (0ms)
			SetupTypeCache (233ms)
			ReleaseScriptCaches (0ms)
			RebuildScriptCaches (35ms)
			SetupLoadedEditorAssemblies (262ms)
				LogAssemblyErrors (0ms)
				InitializePlatformSupportModulesInManaged (5ms)
				SetLoadedEditorAssemblies (0ms)
				RefreshPlugins (0ms)
				BeforeProcessingInitializeOnLoad (51ms)
				ProcessInitializeOnLoadAttributes (189ms)
				ProcessInitializeOnLoadMethodAttributes (8ms)
				AfterProcessingInitializeOnLoad (7ms)
				EditorAssembliesLoaded (0ms)
			ExecutionOrderSort2 (0ms)
			AwakeInstancesAfterBackupRestoration (6ms)
Platform modules already initialized, skipping
========================================================================
Worker process is ready to serve import requests
Launched and connected shader compiler UnityShaderCompiler.exe after 0.04 seconds
Refreshing native plugins compatible for Editor in 0.37 ms, found 2 plugins.
Preloading 0 native plugins for Editor in 0.00 ms.
Unloading 1515 Unused Serialized files (Serialized files now loaded: 0)
System memory in use before: 71.0 MB.
System memory in use after: 71.1 MB.

Unloading 16 unused Assets to reduce memory usage. Loaded Objects now: 1957.
Total: 2.341400 ms (FindLiveObjects: 0.124500 ms CreateObjectMapping: 0.044400 ms MarkObjects: 2.112800 ms  DeleteObjects: 0.058600 ms)

AssetImportParameters requested are different than current active one (requested -> active):
  custom:framework-win-MediaFoundation: 216162199b28c13a410421893ffa2e32 -> 
  custom:video-decoder-ogg-theora: a1e56fd34408186e4bbccfd4996cb3dc -> 
  custom:container-muxer-webm: aa71ff27fc2769a1b78a27578f13a17b -> 
  custom:container-demuxer-webm: 4f35f7cbe854078d1ac9338744f61a02 -> 
  custom:container-demuxer-ogg: 62fdf1f143b41e24485cea50d1cbac27 -> 
  custom:video-encoder-webm-vp8: eb34c28f22e8b96e1ab97ce403110664 -> 
  custom:video-codec-MediaFoundation-h265: 746d11721c4dcdbdad8f713fa42b33f4 -> 
  custom:video-decoder-webm-vp8: 9c59270c3fd7afecdb556c50c9e8de78 -> 
  custom:audio-decoder-ogg-vorbis: bf7c407c2cedff20999df2af8eb42d56 -> 
  custom:audio-encoder-webm-vorbis: bf7c407c2cedff20999df2af8eb42d56 -> 
========================================================================
Received Import Request.
  path: Assets/scripts/boxScript.cs
  artifactKey: Guid(820ef913703c54f0387a758b805b3aeb) Importer(815301076,1909f56bfc062723c751e8b465ee728b)
Start importing Assets/scripts/boxScript.cs using Guid(820ef913703c54f0387a758b805b3aeb) Importer(815301076,1909f56bfc062723c751e8b465ee728b)  -> (artifact id: '09465352fd404fd2db28be36d06a2828') in 0.015106 seconds 
========================================================================
Received Import Request.
  Time since last request: 5.560547 seconds.
  path: Assets/scripts/Enemy.cs
  artifactKey: Guid(639f8b19371661748a7b361bb2c8c9a0) Importer(815301076,1909f56bfc062723c751e8b465ee728b)
Start importing Assets/scripts/Enemy.cs using Guid(639f8b19371661748a7b361bb2c8c9a0) Importer(815301076,1909f56bfc062723c751e8b465ee728b)  -> (artifact id: 'c41df1561d271f2810cf815cb37469c6') in 0.002543 seconds 
========================================================================
Received Import Request.
  Time since last request: 1.803837 seconds.
  path: Assets/scripts/Player.cs
  artifactKey: Guid(7b14312a2b74e46e090d35d25dcd744d) Importer(815301076,1909f56bfc062723c751e8b465ee728b)
Start importing Assets/scripts/Player.cs using Guid(7b14312a2b74e46e090d35d25dcd744d) Importer(815301076,1909f56bfc062723c751e8b465ee728b)  -> (artifact id: '67cbf2a97aca7ec646c031948cdb0246') in 0.002642 seconds 
========================================================================
Received Import Request.
  Time since last request: 1.573237 seconds.
  path: Assets/scripts/playerScript.cs
  artifactKey: Guid(d0b77227cde1a44a5b63d52015b1d93b) Importer(815301076,1909f56bfc062723c751e8b465ee728b)
Start importing Assets/scripts/playerScript.cs using Guid(d0b77227cde1a44a5b63d52015b1d93b) Importer(815301076,1909f56bfc062723c751e8b465ee728b)  -> (artifact id: '987baad4b7f8f9b045389d696fd6589f') in 0.002904 seconds 
========================================================================
Received Import Request.
  Time since last request: 1.591729 seconds.
  path: Assets/scripts/Room.cs
  artifactKey: Guid(14d247a1da1084855bc9569647f66840) Importer(815301076,1909f56bfc062723c751e8b465ee728b)
Start importing Assets/scripts/Room.cs using Guid(14d247a1da1084855bc9569647f66840) Importer(815301076,1909f56bfc062723c751e8b465ee728b)  -> (artifact id: 'a19611b95ee778a823fecd265f59a7ba') in 0.003222 seconds 
========================================================================
Received Import Request.
  Time since last request: 1.952390 seconds.
  path: Assets/scripts/roomScript.cs
  artifactKey: Guid(6cdeb41903825404180cd826c67a5ab4) Importer(815301076,1909f56bfc062723c751e8b465ee728b)
Start importing Assets/scripts/roomScript.cs using Guid(6cdeb41903825404180cd826c67a5ab4) Importer(815301076,1909f56bfc062723c751e8b465ee728b)  -> (artifact id: 'd260f2334c6a1ef0015ad428e5d047bb') in 0.003022 seconds 
========================================================================
Received Import Request.
  Time since last request: 2.526905 seconds.
  path: Assets/scripts/roomTriggerScript.cs
  artifactKey: Guid(e0bda32a1cdc448d4a6538813f113b46) Importer(815301076,1909f56bfc062723c751e8b465ee728b)
Start importing Assets/scripts/roomTriggerScript.cs using Guid(e0bda32a1cdc448d4a6538813f113b46) Importer(815301076,1909f56bfc062723c751e8b465ee728b)  -> (artifact id: 'e8839cd63fa5655f4c718834ffa16a85') in 0.003437 seconds 
AssetImportWorkerClient::OnTransportError - code=2 error=End of file
